<?xml version="1.0" encoding="UTF-8"?>
<testng-results ignored="0" total="2" passed="2" failed="0" skipped="0">
  <reporter-output>
  </reporter-output>
  <suite started-at="2022-02-13T12:29:19 IST" name="Suite" finished-at="2022-02-13T12:29:28 IST" duration-ms="8725">
    <groups>
    </groups>
    <test started-at="2022-02-13T12:29:19 IST" name="Test" finished-at="2022-02-13T12:29:28 IST" duration-ms="8725">
      <class name="TestCases.VerifyLoginPage">
        <test-method signature="LaunchBrowser(java.lang.String,java.lang.String)[pri:0, instance:TestCases.VerifyLoginPage@d5b810e]" started-at="2022-02-13T12:29:19 IST" name="LaunchBrowser" data-provider="Login" finished-at="2022-02-13T12:29:25 IST" duration-ms="5848" status="PASS">
          <params>
            <param index="0">
              <value>
                <![CDATA[test1]]>
              </value>
            </param>
            <param index="1">
              <value>
                <![CDATA[test123]]>
              </value>
            </param>
          </params>
          <reporter-output>
          </reporter-output>
        </test-method> <!-- LaunchBrowser -->
        <test-method signature="LaunchBrowser(java.lang.String,java.lang.String)[pri:0, instance:TestCases.VerifyLoginPage@d5b810e]" started-at="2022-02-13T12:29:25 IST" name="LaunchBrowser" data-provider="Login" finished-at="2022-02-13T12:29:28 IST" duration-ms="2818" status="PASS">
          <params>
            <param index="0">
              <value>
                <![CDATA[test2]]>
              </value>
            </param>
            <param index="1">
              <value>
                <![CDATA[pass123]]>
              </value>
            </param>
          </params>
          <reporter-output>
          </reporter-output>
        </test-method> <!-- LaunchBrowser -->
      </class> <!-- TestCases.VerifyLoginPage -->
    </test> <!-- Test -->
  </suite> <!-- Suite -->
</testng-results>
